Copyright 1986-2018 Xilinx, Inc. All Rights Reserved.
--------------------------------------------------------------------------------------------
| Tool Version : Vivado v.2018.3 (win64) Build 2405991 Thu Dec  6 23:38:27 MST 2018
| Date         : Fri Apr 26 00:24:04 2024
| Host         : Cai running 64-bit major release  (build 9200)
| Command      : report_control_sets -verbose -file regfile_display_control_sets_placed.rpt
| Design       : regfile_display
| Device       : xc7a200t
--------------------------------------------------------------------------------------------

Control Set Information

Table of Contents
-----------------
1. Summary
2. Histogram
3. Flip-Flop Distribution
4. Detailed Control Set Information

1. Summary
----------

+----------------------------------------------------------+-------+
|                          Status                          | Count |
+----------------------------------------------------------+-------+
| Number of unique control sets                            |    43 |
| Unused register locations in slices containing registers |   101 |
+----------------------------------------------------------+-------+


2. Histogram
------------

+--------+--------------+
| Fanout | Control Sets |
+--------+--------------+
|      1 |            1 |
|      4 |            4 |
|      5 |            4 |
|      6 |            4 |
|      8 |            2 |
|      9 |            2 |
|     10 |            3 |
|     11 |            1 |
|    16+ |           22 |
+--------+--------------+


3. Flip-Flop Distribution
-------------------------

+--------------+-----------------------+------------------------+-----------------+--------------+
| Clock Enable | Synchronous Set/Reset | Asynchronous Set/Reset | Total Registers | Total Slices |
+--------------+-----------------------+------------------------+-----------------+--------------+
| No           | No                    | No                     |             135 |           81 |
| No           | No                    | Yes                    |               0 |            0 |
| No           | Yes                   | No                     |              73 |           32 |
| Yes          | No                    | No                     |             978 |          518 |
| Yes          | No                    | Yes                    |               0 |            0 |
| Yes          | Yes                   | No                     |             185 |           58 |
+--------------+-----------------------+------------------------+-----------------+--------------+


4. Detailed Control Set Information
-----------------------------------

+------------------------+-------------------------------------------------------+-------------------------------------------------------+------------------+----------------+
|      Clock Signal      |                     Enable Signal                     |                    Set/Reset Signal                   | Slice Load Count | Bel Load Count |
+------------------------+-------------------------------------------------------+-------------------------------------------------------+------------------+----------------+
|  lcd_module/clk_2_BUFG |                                                       | lcd_module/lcd_draw_module/draw_block_number1         |                1 |              1 |
|  clk_IBUF_BUFG         |                                                       | display_valid0                                        |                4 |              4 |
|  clk_IBUF_BUFG         | lcd_module/touch_module/input_value[3]_i_1_n_0        | lcd_module/touch_module/input_value[31]_i_1_n_0       |                1 |              4 |
|  clk_IBUF_BUFG         | waddr0                                                | raddr1[3]_i_1_n_0                                     |                1 |              4 |
|  lcd_module/clk_2_BUFG | lcd_module/lcd_draw_module/set_xy_valid_reg_n_0       | lcd_module/lcd_draw_module/draw_block_number1         |                2 |              4 |
|  lcd_module/clk_2_BUFG |                                                       | lcd_module/lcd_draw_module/display_count_y[4]_i_1_n_0 |                1 |              5 |
|  lcd_module/clk_2_BUFG | lcd_module/lcd_init_module/display_x_h[4]_i_1_n_0     | lcd_module/lcd_init_module/init_display_begin0        |                1 |              5 |
|  lcd_module/clk_2_BUFG | lcd_module/lcd_draw_module/draw_wr_valid0             | lcd_module/lcd_draw_module/draw_data[4]_i_1_n_0       |                2 |              5 |
|  lcd_module/clk_2_BUFG | lcd_module/lcd_init_module/init_display_begin_reg_n_0 | lcd_module/lcd_init_module/init_display_begin0        |                4 |              5 |
|  clk_IBUF_BUFG         |                                                       | lcd_module/touch_module/clk_count0                    |                2 |              6 |
|  clk_IBUF_BUFG         | raddr20                                               | raddr1[3]_i_1_n_0                                     |                1 |              6 |
|  clk_IBUF_BUFG         | raddr10                                               | raddr1[3]_i_1_n_0                                     |                2 |              6 |
|  lcd_module/clk_2_BUFG | lcd_module/lcd_draw_module/draw_block_end             | lcd_module/lcd_draw_module/draw_block_number0         |                3 |              6 |
|  clk_IBUF_BUFG         | lcd_module/touch_module/send_byte[0]_i_1_n_0          |                                                       |                2 |              8 |
|  lcd_module/clk_2_BUFG | lcd_module/lcd_draw_module/display_count_x[7]_i_2_n_0 | lcd_module/lcd_draw_module/display_count_x[7]_i_1_n_0 |                3 |              8 |
|  lcd_module/clk_2_BUFG |                                                       | lcd_module/lcd_draw_module/td_count_y0                |                6 |              9 |
|  lcd_module/clk_2_BUFG | lcd_module/lcd_draw_module/td_count_x[8]_i_2_n_0      | lcd_module/lcd_draw_module/td_count_x[8]_i_1_n_0      |                4 |              9 |
|  lcd_module/clk_2_BUFG | lcd_module/lcd_draw_module/draw_wr_valid0             |                                                       |                3 |             10 |
|  lcd_module/clk_2_BUFG | lcd_module/lcd_init_module/display_y0                 | lcd_module/lcd_init_module/init_display_begin0        |                5 |             10 |
|  clk_IBUF_BUFG         | p_2_in0                                               | display_valid0                                        |                4 |             10 |
|  lcd_module/clk_2_BUFG | lcd_module/lcd_init_module/sel                        | lcd_module/lcd_init_module/init_rom_pc0               |                5 |             11 |
|  lcd_module/clk_2_BUFG |                                                       |                                                       |                8 |             18 |
|  clk_IBUF_BUFG         |                                                       | lcd_module/touch_module/rst_count0                    |                6 |             22 |
|  clk_IBUF_BUFG         |                                                       | lcd_module/touch_module/int_o_en_reg_0                |               12 |             26 |
|  clk_IBUF_BUFG         | lcd_module/touch_module/input_value[31]_i_2_n_0       | lcd_module/touch_module/input_value[31]_i_1_n_0       |                4 |             28 |
|  clk_IBUF_BUFG         | wdata_reg0                                            | raddr1[3]_i_1_n_0                                     |                8 |             32 |
|  clk_IBUF_BUFG         | wdata_reg01_out                                       | raddr1[3]_i_1_n_0                                     |                8 |             32 |
|  clk_IBUF_BUFG         | rf_module/rf[13][63]_i_1_n_0                          |                                                       |               30 |             64 |
|  clk_IBUF_BUFG         | rf_module/rf[14][63]_i_1_n_0                          |                                                       |               35 |             64 |
|  clk_IBUF_BUFG         | rf_module/rf                                          |                                                       |               34 |             64 |
|  clk_IBUF_BUFG         | rf_module/rf[10][63]_i_1_n_0                          |                                                       |               29 |             64 |
|  clk_IBUF_BUFG         | rf_module/rf[5][63]_i_1_n_0                           |                                                       |               35 |             64 |
|  clk_IBUF_BUFG         | rf_module/rf[1][63]_i_1_n_0                           |                                                       |               23 |             64 |
|  clk_IBUF_BUFG         | rf_module/rf[3][63]_i_1_n_0                           |                                                       |               35 |             64 |
|  clk_IBUF_BUFG         | rf_module/rf[7][63]_i_1_n_0                           |                                                       |               49 |             64 |
|  clk_IBUF_BUFG         | rf_module/rf[4][63]_i_1_n_0                           |                                                       |               28 |             64 |
|  clk_IBUF_BUFG         | rf_module/rf[9][63]_i_1_n_0                           |                                                       |               59 |             64 |
|  clk_IBUF_BUFG         | rf_module/rf[8][63]_i_1_n_0                           |                                                       |               45 |             64 |
|  clk_IBUF_BUFG         | rf_module/rf[6][63]_i_1_n_0                           |                                                       |               38 |             64 |
|  clk_IBUF_BUFG         | rf_module/rf[2][63]_i_1_n_0                           |                                                       |               24 |             64 |
|  clk_IBUF_BUFG         | rf_module/rf[11][63]_i_1_n_0                          |                                                       |               26 |             64 |
|  clk_IBUF_BUFG         | rf_module/rf[12][63]_i_1_n_0                          |                                                       |               23 |             64 |
|  clk_IBUF_BUFG         |                                                       |                                                       |               73 |            117 |
+------------------------+-------------------------------------------------------+-------------------------------------------------------+------------------+----------------+


